<?xml version="1.0" encoding="UTF-8"?>
<!-- Generated by org.testng.reporters.JUnitReportReporter -->
<testsuite hostname="DESKTOP-G0826BT" failures="0" tests="1" name="scripts.TestCase" time="40.893" errors="0" timestamp="2022-09-14T20:16:58 IST" skipped="0">
  <testcase classname="scripts.TestCase" name="Tc1" time="40.893"/>
  <system-out/>
</testsuite> <!-- scripts.TestCase -->
